2025-07-08 14:42:38,410 [Worker-2: Loading available Gradle versions] INFO  o.e.b.c.i.u.g.PublishedGradleVersions - Gradle version information cache is up-to-date. Trying to read.
2025-07-08 14:44:37,774 [Worker-7: Updating Maven Dependencies] INFO  o.e.m.c.i.l.LifecycleMappingFactory - Using org.eclipse.m2e.jdt.JarLifecycleMapping lifecycle mapping for MavenProject: com.assetmanagement:asset-management-backend:0.0.1-SNAPSHOT @ C:\Users\vamsi\Downloads\asset\project\backend\pom.xml.
2025-07-08 14:44:44,558 [Worker-21: Building] INFO  o.a.m.s.f.DefaultMavenResourcesFiltering - Copying 1 resource from src\main\resources to target\classes
2025-07-08 14:44:44,610 [Worker-21: Building] INFO  o.a.m.s.f.DefaultMavenResourcesFiltering - Copying 0 resource from src\main\resources to target\classes
2025-07-08 14:44:44,624 [Worker-21: Building] INFO  o.a.m.s.f.DefaultMavenResourcesFiltering - skip non existing resourceDirectory C:\Users\vamsi\Downloads\asset\project\backend\src\test\resources
2025-07-08 14:45:20,442 [Worker-7: Launching Executing install in C__Users_vamsi_Downloads_asset_project_backend] INFO  o.eclipse.m2e.core.internal.Bundles - getClasspathEntries(Bundle=org.eclipse.m2e.maven.runtime_3.9.600.20231203-1234 [297])
2025-07-08 14:45:20,447 [Worker-7: Launching Executing install in C__Users_vamsi_Downloads_asset_project_backend] INFO  o.eclipse.m2e.core.internal.Bundles - 	Entry: C:\Users\vamsi\.p2\pool\plugins\org.eclipse.m2e.maven.runtime_3.9.600.20231203-1234
2025-07-08 14:45:20,447 [Worker-7: Launching Executing install in C__Users_vamsi_Downloads_asset_project_backend] INFO  o.eclipse.m2e.core.internal.Bundles - 	Entry: C:\Users\vamsi\.p2\pool\plugins\org.eclipse.m2e.maven.runtime_3.9.600.20231203-1234\jars\aopalliance-1.0.jar
2025-07-08 14:45:20,448 [Worker-7: Launching Executing install in C__Users_vamsi_Downloads_asset_project_backend] INFO  o.eclipse.m2e.core.internal.Bundles - 	Entry: C:\Users\vamsi\.p2\pool\plugins\org.eclipse.m2e.maven.runtime_3.9.600.20231203-1234\jars\guice-5.1.0.jar
2025-07-08 14:45:20,448 [Worker-7: Launching Executing install in C__Users_vamsi_Downloads_asset_project_backend] INFO  o.eclipse.m2e.core.internal.Bundles - 	Entry: C:\Users\vamsi\.p2\pool\plugins\org.eclipse.m2e.maven.runtime_3.9.600.20231203-1234\jars\httpclient-4.5.14.jar
2025-07-08 14:45:20,449 [Worker-7: Launching Executing install in C__Users_vamsi_Downloads_asset_project_backend] INFO  o.eclipse.m2e.core.internal.Bundles - 	Entry: C:\Users\vamsi\.p2\pool\plugins\org.eclipse.m2e.maven.runtime_3.9.600.20231203-1234\jars\httpcore-4.4.16.jar
2025-07-08 14:45:20,449 [Worker-7: Launching Executing install in C__Users_vamsi_Downloads_asset_project_backend] INFO  o.eclipse.m2e.core.internal.Bundles - 	Entry: C:\Users\vamsi\.p2\pool\plugins\org.eclipse.m2e.maven.runtime_3.9.600.20231203-1234\jars\jansi-2.4.0.jar
2025-07-08 14:45:20,449 [Worker-7: Launching Executing install in C__Users_vamsi_Downloads_asset_project_backend] INFO  o.eclipse.m2e.core.internal.Bundles - 	Entry: C:\Users\vamsi\.p2\pool\plugins\org.eclipse.m2e.maven.runtime_3.9.600.20231203-1234\jars\jcl-over-slf4j-1.7.36.jar
2025-07-08 14:45:20,449 [Worker-7: Launching Executing install in C__Users_vamsi_Downloads_asset_project_backend] INFO  o.eclipse.m2e.core.internal.Bundles - 	Entry: C:\Users\vamsi\.p2\pool\plugins\org.eclipse.m2e.maven.runtime_3.9.600.20231203-1234\jars\maven-artifact-3.9.6.jar
2025-07-08 14:45:20,450 [Worker-7: Launching Executing install in C__Users_vamsi_Downloads_asset_project_backend] INFO  o.eclipse.m2e.core.internal.Bundles - 	Entry: C:\Users\vamsi\.p2\pool\plugins\org.eclipse.m2e.maven.runtime_3.9.600.20231203-1234\jars\maven-builder-support-3.9.6.jar
2025-07-08 14:45:20,451 [Worker-7: Launching Executing install in C__Users_vamsi_Downloads_asset_project_backend] INFO  o.eclipse.m2e.core.internal.Bundles - 	Entry: C:\Users\vamsi\.p2\pool\plugins\org.eclipse.m2e.maven.runtime_3.9.600.20231203-1234\jars\maven-compat-3.9.6.jar
2025-07-08 14:45:20,451 [Worker-7: Launching Executing install in C__Users_vamsi_Downloads_asset_project_backend] INFO  o.eclipse.m2e.core.internal.Bundles - 	Entry: C:\Users\vamsi\.p2\pool\plugins\org.eclipse.m2e.maven.runtime_3.9.600.20231203-1234\jars\maven-core-3.9.6.jar
2025-07-08 14:45:20,452 [Worker-7: Launching Executing install in C__Users_vamsi_Downloads_asset_project_backend] INFO  o.eclipse.m2e.core.internal.Bundles - 	Entry: C:\Users\vamsi\.p2\pool\plugins\org.eclipse.m2e.maven.runtime_3.9.600.20231203-1234\jars\maven-embedder-3.9.6.jar
2025-07-08 14:45:20,452 [Worker-7: Launching Executing install in C__Users_vamsi_Downloads_asset_project_backend] INFO  o.eclipse.m2e.core.internal.Bundles - 	Entry: C:\Users\vamsi\.p2\pool\plugins\org.eclipse.m2e.maven.runtime_3.9.600.20231203-1234\jars\maven-model-3.9.6.jar
2025-07-08 14:45:20,452 [Worker-7: Launching Executing install in C__Users_vamsi_Downloads_asset_project_backend] INFO  o.eclipse.m2e.core.internal.Bundles - 	Entry: C:\Users\vamsi\.p2\pool\plugins\org.eclipse.m2e.maven.runtime_3.9.600.20231203-1234\jars\maven-model-builder-3.9.6.jar
2025-07-08 14:45:20,452 [Worker-7: Launching Executing install in C__Users_vamsi_Downloads_asset_project_backend] INFO  o.eclipse.m2e.core.internal.Bundles - 	Entry: C:\Users\vamsi\.p2\pool\plugins\org.eclipse.m2e.maven.runtime_3.9.600.20231203-1234\jars\maven-plugin-api-3.9.6.jar
2025-07-08 14:45:20,453 [Worker-7: Launching Executing install in C__Users_vamsi_Downloads_asset_project_backend] INFO  o.eclipse.m2e.core.internal.Bundles - 	Entry: C:\Users\vamsi\.p2\pool\plugins\org.eclipse.m2e.maven.runtime_3.9.600.20231203-1234\jars\maven-repository-metadata-3.9.6.jar
2025-07-08 14:45:20,453 [Worker-7: Launching Executing install in C__Users_vamsi_Downloads_asset_project_backend] INFO  o.eclipse.m2e.core.internal.Bundles - 	Entry: C:\Users\vamsi\.p2\pool\plugins\org.eclipse.m2e.maven.runtime_3.9.600.20231203-1234\jars\maven-resolver-api-1.9.18.jar
2025-07-08 14:45:20,453 [Worker-7: Launching Executing install in C__Users_vamsi_Downloads_asset_project_backend] INFO  o.eclipse.m2e.core.internal.Bundles - 	Entry: C:\Users\vamsi\.p2\pool\plugins\org.eclipse.m2e.maven.runtime_3.9.600.20231203-1234\jars\maven-resolver-connector-basic-1.9.18.jar
2025-07-08 14:45:20,453 [Worker-7: Launching Executing install in C__Users_vamsi_Downloads_asset_project_backend] INFO  o.eclipse.m2e.core.internal.Bundles - 	Entry: C:\Users\vamsi\.p2\pool\plugins\org.eclipse.m2e.maven.runtime_3.9.600.20231203-1234\jars\maven-resolver-impl-1.9.18.jar
2025-07-08 14:45:20,453 [Worker-7: Launching Executing install in C__Users_vamsi_Downloads_asset_project_backend] INFO  o.eclipse.m2e.core.internal.Bundles - 	Entry: C:\Users\vamsi\.p2\pool\plugins\org.eclipse.m2e.maven.runtime_3.9.600.20231203-1234\jars\maven-resolver-named-locks-1.9.18.jar
2025-07-08 14:45:20,453 [Worker-7: Launching Executing install in C__Users_vamsi_Downloads_asset_project_backend] INFO  o.eclipse.m2e.core.internal.Bundles - 	Entry: C:\Users\vamsi\.p2\pool\plugins\org.eclipse.m2e.maven.runtime_3.9.600.20231203-1234\jars\maven-resolver-provider-3.9.6.jar
2025-07-08 14:45:20,453 [Worker-7: Launching Executing install in C__Users_vamsi_Downloads_asset_project_backend] INFO  o.eclipse.m2e.core.internal.Bundles - 	Entry: C:\Users\vamsi\.p2\pool\plugins\org.eclipse.m2e.maven.runtime_3.9.600.20231203-1234\jars\maven-resolver-spi-1.9.18.jar
2025-07-08 14:45:20,454 [Worker-7: Launching Executing install in C__Users_vamsi_Downloads_asset_project_backend] INFO  o.eclipse.m2e.core.internal.Bundles - 	Entry: C:\Users\vamsi\.p2\pool\plugins\org.eclipse.m2e.maven.runtime_3.9.600.20231203-1234\jars\maven-resolver-transport-file-1.9.18.jar
2025-07-08 14:45:20,454 [Worker-7: Launching Executing install in C__Users_vamsi_Downloads_asset_project_backend] INFO  o.eclipse.m2e.core.internal.Bundles - 	Entry: C:\Users\vamsi\.p2\pool\plugins\org.eclipse.m2e.maven.runtime_3.9.600.20231203-1234\jars\maven-resolver-transport-http-1.9.18.jar
2025-07-08 14:45:20,454 [Worker-7: Launching Executing install in C__Users_vamsi_Downloads_asset_project_backend] INFO  o.eclipse.m2e.core.internal.Bundles - 	Entry: C:\Users\vamsi\.p2\pool\plugins\org.eclipse.m2e.maven.runtime_3.9.600.20231203-1234\jars\maven-resolver-transport-wagon-1.9.18.jar
2025-07-08 14:45:20,454 [Worker-7: Launching Executing install in C__Users_vamsi_Downloads_asset_project_backend] INFO  o.eclipse.m2e.core.internal.Bundles - 	Entry: C:\Users\vamsi\.p2\pool\plugins\org.eclipse.m2e.maven.runtime_3.9.600.20231203-1234\jars\maven-resolver-util-1.9.18.jar
2025-07-08 14:45:20,454 [Worker-7: Launching Executing install in C__Users_vamsi_Downloads_asset_project_backend] INFO  o.eclipse.m2e.core.internal.Bundles - 	Entry: C:\Users\vamsi\.p2\pool\plugins\org.eclipse.m2e.maven.runtime_3.9.600.20231203-1234\jars\maven-settings-3.9.6.jar
2025-07-08 14:45:20,454 [Worker-7: Launching Executing install in C__Users_vamsi_Downloads_asset_project_backend] INFO  o.eclipse.m2e.core.internal.Bundles - 	Entry: C:\Users\vamsi\.p2\pool\plugins\org.eclipse.m2e.maven.runtime_3.9.600.20231203-1234\jars\maven-settings-builder-3.9.6.jar
2025-07-08 14:45:20,455 [Worker-7: Launching Executing install in C__Users_vamsi_Downloads_asset_project_backend] INFO  o.eclipse.m2e.core.internal.Bundles - 	Entry: C:\Users\vamsi\.p2\pool\plugins\org.eclipse.m2e.maven.runtime_3.9.600.20231203-1234\jars\maven-shared-utils-3.3.4.jar
2025-07-08 14:45:20,455 [Worker-7: Launching Executing install in C__Users_vamsi_Downloads_asset_project_backend] INFO  o.eclipse.m2e.core.internal.Bundles - 	Entry: C:\Users\vamsi\.p2\pool\plugins\org.eclipse.m2e.maven.runtime_3.9.600.20231203-1234\jars\org.eclipse.sisu.inject-0.9.0.M2.jar
2025-07-08 14:45:20,455 [Worker-7: Launching Executing install in C__Users_vamsi_Downloads_asset_project_backend] INFO  o.eclipse.m2e.core.internal.Bundles - 	Entry: C:\Users\vamsi\.p2\pool\plugins\org.eclipse.m2e.maven.runtime_3.9.600.20231203-1234\jars\org.eclipse.sisu.plexus-0.9.0.M2.jar
2025-07-08 14:45:20,455 [Worker-7: Launching Executing install in C__Users_vamsi_Downloads_asset_project_backend] INFO  o.eclipse.m2e.core.internal.Bundles - 	Entry: C:\Users\vamsi\.p2\pool\plugins\org.eclipse.m2e.maven.runtime_3.9.600.20231203-1234\jars\plexus-build-api-0.0.7.jar
2025-07-08 14:45:20,455 [Worker-7: Launching Executing install in C__Users_vamsi_Downloads_asset_project_backend] INFO  o.eclipse.m2e.core.internal.Bundles - 	Entry: C:\Users\vamsi\.p2\pool\plugins\org.eclipse.m2e.maven.runtime_3.9.600.20231203-1234\jars\plexus-cipher-2.0.jar
2025-07-08 14:45:20,455 [Worker-7: Launching Executing install in C__Users_vamsi_Downloads_asset_project_backend] INFO  o.eclipse.m2e.core.internal.Bundles - 	Entry: C:\Users\vamsi\.p2\pool\plugins\org.eclipse.m2e.maven.runtime_3.9.600.20231203-1234\jars\plexus-classworlds-2.7.0.jar
2025-07-08 14:45:20,456 [Worker-7: Launching Executing install in C__Users_vamsi_Downloads_asset_project_backend] INFO  o.eclipse.m2e.core.internal.Bundles - 	Entry: C:\Users\vamsi\.p2\pool\plugins\org.eclipse.m2e.maven.runtime_3.9.600.20231203-1234\jars\plexus-component-annotations-2.1.0.jar
2025-07-08 14:45:20,456 [Worker-7: Launching Executing install in C__Users_vamsi_Downloads_asset_project_backend] INFO  o.eclipse.m2e.core.internal.Bundles - 	Entry: C:\Users\vamsi\.p2\pool\plugins\org.eclipse.m2e.maven.runtime_3.9.600.20231203-1234\jars\plexus-interpolation-1.26.jar
2025-07-08 14:45:20,456 [Worker-7: Launching Executing install in C__Users_vamsi_Downloads_asset_project_backend] INFO  o.eclipse.m2e.core.internal.Bundles - 	Entry: C:\Users\vamsi\.p2\pool\plugins\org.eclipse.m2e.maven.runtime_3.9.600.20231203-1234\jars\plexus-sec-dispatcher-2.0.jar
2025-07-08 14:45:20,456 [Worker-7: Launching Executing install in C__Users_vamsi_Downloads_asset_project_backend] INFO  o.eclipse.m2e.core.internal.Bundles - 	Entry: C:\Users\vamsi\.p2\pool\plugins\org.eclipse.m2e.maven.runtime_3.9.600.20231203-1234\jars\plexus-utils-3.5.1.jar
2025-07-08 14:45:20,456 [Worker-7: Launching Executing install in C__Users_vamsi_Downloads_asset_project_backend] INFO  o.eclipse.m2e.core.internal.Bundles - 	Entry: C:\Users\vamsi\.p2\pool\plugins\org.eclipse.m2e.maven.runtime_3.9.600.20231203-1234\jars\wagon-file-3.5.3.jar
2025-07-08 14:45:20,457 [Worker-7: Launching Executing install in C__Users_vamsi_Downloads_asset_project_backend] INFO  o.eclipse.m2e.core.internal.Bundles - 	Entry: C:\Users\vamsi\.p2\pool\plugins\org.eclipse.m2e.maven.runtime_3.9.600.20231203-1234\jars\wagon-http-3.5.3.jar
2025-07-08 14:45:20,457 [Worker-7: Launching Executing install in C__Users_vamsi_Downloads_asset_project_backend] INFO  o.eclipse.m2e.core.internal.Bundles - 	Entry: C:\Users\vamsi\.p2\pool\plugins\org.eclipse.m2e.maven.runtime_3.9.600.20231203-1234\jars\wagon-http-shared-3.5.3.jar
2025-07-08 14:45:20,457 [Worker-7: Launching Executing install in C__Users_vamsi_Downloads_asset_project_backend] INFO  o.eclipse.m2e.core.internal.Bundles - 	Entry: C:\Users\vamsi\.p2\pool\plugins\org.eclipse.m2e.maven.runtime_3.9.600.20231203-1234\jars\wagon-provider-api-3.5.3.jar
2025-07-08 14:45:20,461 [Worker-7: Launching Executing install in C__Users_vamsi_Downloads_asset_project_backend] INFO  o.eclipse.m2e.core.internal.Bundles - getClasspathEntries(Bundle=com.google.guava_33.0.0.jre [10])
2025-07-08 14:45:20,462 [Worker-7: Launching Executing install in C__Users_vamsi_Downloads_asset_project_backend] INFO  o.eclipse.m2e.core.internal.Bundles - 	Entry: C:\Users\vamsi\.p2\pool\plugins\com.google.guava_33.0.0.jre.jar
2025-07-08 14:45:20,462 [Worker-7: Launching Executing install in C__Users_vamsi_Downloads_asset_project_backend] INFO  o.eclipse.m2e.core.internal.Bundles - getClasspathEntries(Bundle=slf4j.api_2.0.13 [518])
2025-07-08 14:45:20,463 [Worker-7: Launching Executing install in C__Users_vamsi_Downloads_asset_project_backend] INFO  o.eclipse.m2e.core.internal.Bundles - 	Entry: C:\Users\vamsi\.p2\pool\plugins\slf4j.api_2.0.13.jar
2025-07-08 14:45:20,463 [Worker-7: Launching Executing install in C__Users_vamsi_Downloads_asset_project_backend] INFO  o.eclipse.m2e.core.internal.Bundles - getClasspathEntries(Bundle=jakarta.inject.jakarta.inject-api_1.0.5 [22])
2025-07-08 14:45:20,464 [Worker-7: Launching Executing install in C__Users_vamsi_Downloads_asset_project_backend] INFO  o.eclipse.m2e.core.internal.Bundles - 	Entry: C:\Users\vamsi\.p2\pool\plugins\jakarta.inject.jakarta.inject-api_1.0.5.jar
2025-07-08 14:45:20,464 [Worker-7: Launching Executing install in C__Users_vamsi_Downloads_asset_project_backend] INFO  o.eclipse.m2e.core.internal.Bundles - getClasspathEntries(Bundle=jakarta.annotation-api_1.3.5 [20])
2025-07-08 14:45:20,465 [Worker-7: Launching Executing install in C__Users_vamsi_Downloads_asset_project_backend] INFO  o.eclipse.m2e.core.internal.Bundles - 	Entry: C:\Users\vamsi\.p2\pool\plugins\jakarta.annotation-api_1.3.5.jar
2025-07-08 14:45:20,465 [Worker-7: Launching Executing install in C__Users_vamsi_Downloads_asset_project_backend] INFO  o.eclipse.m2e.core.internal.Bundles - getClasspathEntries(Bundle=org.apache.commons.cli_1.6.0 [46])
2025-07-08 14:45:20,466 [Worker-7: Launching Executing install in C__Users_vamsi_Downloads_asset_project_backend] INFO  o.eclipse.m2e.core.internal.Bundles - 	Entry: C:\Users\vamsi\.p2\pool\plugins\org.apache.commons.cli_1.6.0.jar
2025-07-08 14:45:20,466 [Worker-7: Launching Executing install in C__Users_vamsi_Downloads_asset_project_backend] INFO  o.eclipse.m2e.core.internal.Bundles - getClasspathEntries(Bundle=org.apache.commons.commons-codec_1.16.0 [47])
2025-07-08 14:45:20,467 [Worker-7: Launching Executing install in C__Users_vamsi_Downloads_asset_project_backend] INFO  o.eclipse.m2e.core.internal.Bundles - 	Entry: C:\Users\vamsi\.p2\pool\plugins\org.apache.commons.commons-codec_1.16.0.jar
2025-07-08 14:45:20,467 [Worker-7: Launching Executing install in C__Users_vamsi_Downloads_asset_project_backend] INFO  o.eclipse.m2e.core.internal.Bundles - getClasspathEntries(Bundle=org.apache.commons.lang3_3.14.0 [53])
2025-07-08 14:45:20,468 [Worker-7: Launching Executing install in C__Users_vamsi_Downloads_asset_project_backend] INFO  o.eclipse.m2e.core.internal.Bundles - 	Entry: C:\Users\vamsi\.p2\pool\plugins\org.apache.commons.lang3_3.14.0.jar
2025-07-08 14:45:20,468 [Worker-7: Launching Executing install in C__Users_vamsi_Downloads_asset_project_backend] INFO  o.eclipse.m2e.core.internal.Bundles - getClasspathEntries(Bundle=com.google.guava.failureaccess_1.0.2 [11])
2025-07-08 14:45:20,468 [Worker-7: Launching Executing install in C__Users_vamsi_Downloads_asset_project_backend] INFO  o.eclipse.m2e.core.internal.Bundles - 	Entry: C:\Users\vamsi\.p2\pool\plugins\com.google.guava.failureaccess_1.0.2.jar
2025-07-08 14:45:20,477 [Worker-7: Launching Executing install in C__Users_vamsi_Downloads_asset_project_backend] INFO  o.e.m.i.launch.MavenLaunchDelegate - Run build in "C:\Users\vamsi\Downloads\asset\project\backend":
2025-07-08 14:45:20,484 [Worker-7: Launching Executing install in C__Users_vamsi_Downloads_asset_project_backend] INFO  o.e.m.i.launch.MavenLaunchDelegate -  mvn  -B -Dstyle.color=always install
2025-07-08 14:47:13,350 [Worker-11: Launching Executing install in C__Users_vamsi_Downloads_asset_project_backend] INFO  o.eclipse.m2e.core.internal.Bundles - getClasspathEntries(Bundle=org.eclipse.m2e.maven.runtime_3.9.600.20231203-1234 [297])
2025-07-08 14:47:13,351 [Worker-11: Launching Executing install in C__Users_vamsi_Downloads_asset_project_backend] INFO  o.eclipse.m2e.core.internal.Bundles - 	Entry: C:\Users\vamsi\.p2\pool\plugins\org.eclipse.m2e.maven.runtime_3.9.600.20231203-1234
2025-07-08 14:47:13,352 [Worker-11: Launching Executing install in C__Users_vamsi_Downloads_asset_project_backend] INFO  o.eclipse.m2e.core.internal.Bundles - 	Entry: C:\Users\vamsi\.p2\pool\plugins\org.eclipse.m2e.maven.runtime_3.9.600.20231203-1234\jars\aopalliance-1.0.jar
2025-07-08 14:47:13,352 [Worker-11: Launching Executing install in C__Users_vamsi_Downloads_asset_project_backend] INFO  o.eclipse.m2e.core.internal.Bundles - 	Entry: C:\Users\vamsi\.p2\pool\plugins\org.eclipse.m2e.maven.runtime_3.9.600.20231203-1234\jars\guice-5.1.0.jar
2025-07-08 14:47:13,352 [Worker-11: Launching Executing install in C__Users_vamsi_Downloads_asset_project_backend] INFO  o.eclipse.m2e.core.internal.Bundles - 	Entry: C:\Users\vamsi\.p2\pool\plugins\org.eclipse.m2e.maven.runtime_3.9.600.20231203-1234\jars\httpclient-4.5.14.jar
2025-07-08 14:47:13,353 [Worker-11: Launching Executing install in C__Users_vamsi_Downloads_asset_project_backend] INFO  o.eclipse.m2e.core.internal.Bundles - 	Entry: C:\Users\vamsi\.p2\pool\plugins\org.eclipse.m2e.maven.runtime_3.9.600.20231203-1234\jars\httpcore-4.4.16.jar
2025-07-08 14:47:13,353 [Worker-11: Launching Executing install in C__Users_vamsi_Downloads_asset_project_backend] INFO  o.eclipse.m2e.core.internal.Bundles - 	Entry: C:\Users\vamsi\.p2\pool\plugins\org.eclipse.m2e.maven.runtime_3.9.600.20231203-1234\jars\jansi-2.4.0.jar
2025-07-08 14:47:13,353 [Worker-11: Launching Executing install in C__Users_vamsi_Downloads_asset_project_backend] INFO  o.eclipse.m2e.core.internal.Bundles - 	Entry: C:\Users\vamsi\.p2\pool\plugins\org.eclipse.m2e.maven.runtime_3.9.600.20231203-1234\jars\jcl-over-slf4j-1.7.36.jar
2025-07-08 14:47:13,354 [Worker-11: Launching Executing install in C__Users_vamsi_Downloads_asset_project_backend] INFO  o.eclipse.m2e.core.internal.Bundles - 	Entry: C:\Users\vamsi\.p2\pool\plugins\org.eclipse.m2e.maven.runtime_3.9.600.20231203-1234\jars\maven-artifact-3.9.6.jar
2025-07-08 14:47:13,354 [Worker-11: Launching Executing install in C__Users_vamsi_Downloads_asset_project_backend] INFO  o.eclipse.m2e.core.internal.Bundles - 	Entry: C:\Users\vamsi\.p2\pool\plugins\org.eclipse.m2e.maven.runtime_3.9.600.20231203-1234\jars\maven-builder-support-3.9.6.jar
2025-07-08 14:47:13,354 [Worker-11: Launching Executing install in C__Users_vamsi_Downloads_asset_project_backend] INFO  o.eclipse.m2e.core.internal.Bundles - 	Entry: C:\Users\vamsi\.p2\pool\plugins\org.eclipse.m2e.maven.runtime_3.9.600.20231203-1234\jars\maven-compat-3.9.6.jar
2025-07-08 14:47:13,354 [Worker-11: Launching Executing install in C__Users_vamsi_Downloads_asset_project_backend] INFO  o.eclipse.m2e.core.internal.Bundles - 	Entry: C:\Users\vamsi\.p2\pool\plugins\org.eclipse.m2e.maven.runtime_3.9.600.20231203-1234\jars\maven-core-3.9.6.jar
2025-07-08 14:47:13,355 [Worker-11: Launching Executing install in C__Users_vamsi_Downloads_asset_project_backend] INFO  o.eclipse.m2e.core.internal.Bundles - 	Entry: C:\Users\vamsi\.p2\pool\plugins\org.eclipse.m2e.maven.runtime_3.9.600.20231203-1234\jars\maven-embedder-3.9.6.jar
2025-07-08 14:47:13,355 [Worker-11: Launching Executing install in C__Users_vamsi_Downloads_asset_project_backend] INFO  o.eclipse.m2e.core.internal.Bundles - 	Entry: C:\Users\vamsi\.p2\pool\plugins\org.eclipse.m2e.maven.runtime_3.9.600.20231203-1234\jars\maven-model-3.9.6.jar
2025-07-08 14:47:13,355 [Worker-11: Launching Executing install in C__Users_vamsi_Downloads_asset_project_backend] INFO  o.eclipse.m2e.core.internal.Bundles - 	Entry: C:\Users\vamsi\.p2\pool\plugins\org.eclipse.m2e.maven.runtime_3.9.600.20231203-1234\jars\maven-model-builder-3.9.6.jar
2025-07-08 14:47:13,355 [Worker-11: Launching Executing install in C__Users_vamsi_Downloads_asset_project_backend] INFO  o.eclipse.m2e.core.internal.Bundles - 	Entry: C:\Users\vamsi\.p2\pool\plugins\org.eclipse.m2e.maven.runtime_3.9.600.20231203-1234\jars\maven-plugin-api-3.9.6.jar
2025-07-08 14:47:13,355 [Worker-11: Launching Executing install in C__Users_vamsi_Downloads_asset_project_backend] INFO  o.eclipse.m2e.core.internal.Bundles - 	Entry: C:\Users\vamsi\.p2\pool\plugins\org.eclipse.m2e.maven.runtime_3.9.600.20231203-1234\jars\maven-repository-metadata-3.9.6.jar
2025-07-08 14:47:13,355 [Worker-11: Launching Executing install in C__Users_vamsi_Downloads_asset_project_backend] INFO  o.eclipse.m2e.core.internal.Bundles - 	Entry: C:\Users\vamsi\.p2\pool\plugins\org.eclipse.m2e.maven.runtime_3.9.600.20231203-1234\jars\maven-resolver-api-1.9.18.jar
2025-07-08 14:47:13,355 [Worker-11: Launching Executing install in C__Users_vamsi_Downloads_asset_project_backend] INFO  o.eclipse.m2e.core.internal.Bundles - 	Entry: C:\Users\vamsi\.p2\pool\plugins\org.eclipse.m2e.maven.runtime_3.9.600.20231203-1234\jars\maven-resolver-connector-basic-1.9.18.jar
2025-07-08 14:47:13,355 [Worker-11: Launching Executing install in C__Users_vamsi_Downloads_asset_project_backend] INFO  o.eclipse.m2e.core.internal.Bundles - 	Entry: C:\Users\vamsi\.p2\pool\plugins\org.eclipse.m2e.maven.runtime_3.9.600.20231203-1234\jars\maven-resolver-impl-1.9.18.jar
2025-07-08 14:47:13,356 [Worker-11: Launching Executing install in C__Users_vamsi_Downloads_asset_project_backend] INFO  o.eclipse.m2e.core.internal.Bundles - 	Entry: C:\Users\vamsi\.p2\pool\plugins\org.eclipse.m2e.maven.runtime_3.9.600.20231203-1234\jars\maven-resolver-named-locks-1.9.18.jar
2025-07-08 14:47:13,356 [Worker-11: Launching Executing install in C__Users_vamsi_Downloads_asset_project_backend] INFO  o.eclipse.m2e.core.internal.Bundles - 	Entry: C:\Users\vamsi\.p2\pool\plugins\org.eclipse.m2e.maven.runtime_3.9.600.20231203-1234\jars\maven-resolver-provider-3.9.6.jar
2025-07-08 14:47:13,356 [Worker-11: Launching Executing install in C__Users_vamsi_Downloads_asset_project_backend] INFO  o.eclipse.m2e.core.internal.Bundles - 	Entry: C:\Users\vamsi\.p2\pool\plugins\org.eclipse.m2e.maven.runtime_3.9.600.20231203-1234\jars\maven-resolver-spi-1.9.18.jar
2025-07-08 14:47:13,356 [Worker-11: Launching Executing install in C__Users_vamsi_Downloads_asset_project_backend] INFO  o.eclipse.m2e.core.internal.Bundles - 	Entry: C:\Users\vamsi\.p2\pool\plugins\org.eclipse.m2e.maven.runtime_3.9.600.20231203-1234\jars\maven-resolver-transport-file-1.9.18.jar
2025-07-08 14:47:13,356 [Worker-11: Launching Executing install in C__Users_vamsi_Downloads_asset_project_backend] INFO  o.eclipse.m2e.core.internal.Bundles - 	Entry: C:\Users\vamsi\.p2\pool\plugins\org.eclipse.m2e.maven.runtime_3.9.600.20231203-1234\jars\maven-resolver-transport-http-1.9.18.jar
2025-07-08 14:47:13,356 [Worker-11: Launching Executing install in C__Users_vamsi_Downloads_asset_project_backend] INFO  o.eclipse.m2e.core.internal.Bundles - 	Entry: C:\Users\vamsi\.p2\pool\plugins\org.eclipse.m2e.maven.runtime_3.9.600.20231203-1234\jars\maven-resolver-transport-wagon-1.9.18.jar
2025-07-08 14:47:13,356 [Worker-11: Launching Executing install in C__Users_vamsi_Downloads_asset_project_backend] INFO  o.eclipse.m2e.core.internal.Bundles - 	Entry: C:\Users\vamsi\.p2\pool\plugins\org.eclipse.m2e.maven.runtime_3.9.600.20231203-1234\jars\maven-resolver-util-1.9.18.jar
2025-07-08 14:47:13,356 [Worker-11: Launching Executing install in C__Users_vamsi_Downloads_asset_project_backend] INFO  o.eclipse.m2e.core.internal.Bundles - 	Entry: C:\Users\vamsi\.p2\pool\plugins\org.eclipse.m2e.maven.runtime_3.9.600.20231203-1234\jars\maven-settings-3.9.6.jar
2025-07-08 14:47:13,356 [Worker-11: Launching Executing install in C__Users_vamsi_Downloads_asset_project_backend] INFO  o.eclipse.m2e.core.internal.Bundles - 	Entry: C:\Users\vamsi\.p2\pool\plugins\org.eclipse.m2e.maven.runtime_3.9.600.20231203-1234\jars\maven-settings-builder-3.9.6.jar
2025-07-08 14:47:13,357 [Worker-11: Launching Executing install in C__Users_vamsi_Downloads_asset_project_backend] INFO  o.eclipse.m2e.core.internal.Bundles - 	Entry: C:\Users\vamsi\.p2\pool\plugins\org.eclipse.m2e.maven.runtime_3.9.600.20231203-1234\jars\maven-shared-utils-3.3.4.jar
2025-07-08 14:47:13,357 [Worker-11: Launching Executing install in C__Users_vamsi_Downloads_asset_project_backend] INFO  o.eclipse.m2e.core.internal.Bundles - 	Entry: C:\Users\vamsi\.p2\pool\plugins\org.eclipse.m2e.maven.runtime_3.9.600.20231203-1234\jars\org.eclipse.sisu.inject-0.9.0.M2.jar
2025-07-08 14:47:13,357 [Worker-11: Launching Executing install in C__Users_vamsi_Downloads_asset_project_backend] INFO  o.eclipse.m2e.core.internal.Bundles - 	Entry: C:\Users\vamsi\.p2\pool\plugins\org.eclipse.m2e.maven.runtime_3.9.600.20231203-1234\jars\org.eclipse.sisu.plexus-0.9.0.M2.jar
2025-07-08 14:47:13,357 [Worker-11: Launching Executing install in C__Users_vamsi_Downloads_asset_project_backend] INFO  o.eclipse.m2e.core.internal.Bundles - 	Entry: C:\Users\vamsi\.p2\pool\plugins\org.eclipse.m2e.maven.runtime_3.9.600.20231203-1234\jars\plexus-build-api-0.0.7.jar
2025-07-08 14:47:13,357 [Worker-11: Launching Executing install in C__Users_vamsi_Downloads_asset_project_backend] INFO  o.eclipse.m2e.core.internal.Bundles - 	Entry: C:\Users\vamsi\.p2\pool\plugins\org.eclipse.m2e.maven.runtime_3.9.600.20231203-1234\jars\plexus-cipher-2.0.jar
2025-07-08 14:47:13,357 [Worker-11: Launching Executing install in C__Users_vamsi_Downloads_asset_project_backend] INFO  o.eclipse.m2e.core.internal.Bundles - 	Entry: C:\Users\vamsi\.p2\pool\plugins\org.eclipse.m2e.maven.runtime_3.9.600.20231203-1234\jars\plexus-classworlds-2.7.0.jar
2025-07-08 14:47:13,357 [Worker-11: Launching Executing install in C__Users_vamsi_Downloads_asset_project_backend] INFO  o.eclipse.m2e.core.internal.Bundles - 	Entry: C:\Users\vamsi\.p2\pool\plugins\org.eclipse.m2e.maven.runtime_3.9.600.20231203-1234\jars\plexus-component-annotations-2.1.0.jar
2025-07-08 14:47:13,357 [Worker-11: Launching Executing install in C__Users_vamsi_Downloads_asset_project_backend] INFO  o.eclipse.m2e.core.internal.Bundles - 	Entry: C:\Users\vamsi\.p2\pool\plugins\org.eclipse.m2e.maven.runtime_3.9.600.20231203-1234\jars\plexus-interpolation-1.26.jar
2025-07-08 14:47:13,357 [Worker-11: Launching Executing install in C__Users_vamsi_Downloads_asset_project_backend] INFO  o.eclipse.m2e.core.internal.Bundles - 	Entry: C:\Users\vamsi\.p2\pool\plugins\org.eclipse.m2e.maven.runtime_3.9.600.20231203-1234\jars\plexus-sec-dispatcher-2.0.jar
2025-07-08 14:47:13,358 [Worker-11: Launching Executing install in C__Users_vamsi_Downloads_asset_project_backend] INFO  o.eclipse.m2e.core.internal.Bundles - 	Entry: C:\Users\vamsi\.p2\pool\plugins\org.eclipse.m2e.maven.runtime_3.9.600.20231203-1234\jars\plexus-utils-3.5.1.jar
2025-07-08 14:47:13,358 [Worker-11: Launching Executing install in C__Users_vamsi_Downloads_asset_project_backend] INFO  o.eclipse.m2e.core.internal.Bundles - 	Entry: C:\Users\vamsi\.p2\pool\plugins\org.eclipse.m2e.maven.runtime_3.9.600.20231203-1234\jars\wagon-file-3.5.3.jar
2025-07-08 14:47:13,358 [Worker-11: Launching Executing install in C__Users_vamsi_Downloads_asset_project_backend] INFO  o.eclipse.m2e.core.internal.Bundles - 	Entry: C:\Users\vamsi\.p2\pool\plugins\org.eclipse.m2e.maven.runtime_3.9.600.20231203-1234\jars\wagon-http-3.5.3.jar
2025-07-08 14:47:13,358 [Worker-11: Launching Executing install in C__Users_vamsi_Downloads_asset_project_backend] INFO  o.eclipse.m2e.core.internal.Bundles - 	Entry: C:\Users\vamsi\.p2\pool\plugins\org.eclipse.m2e.maven.runtime_3.9.600.20231203-1234\jars\wagon-http-shared-3.5.3.jar
2025-07-08 14:47:13,358 [Worker-11: Launching Executing install in C__Users_vamsi_Downloads_asset_project_backend] INFO  o.eclipse.m2e.core.internal.Bundles - 	Entry: C:\Users\vamsi\.p2\pool\plugins\org.eclipse.m2e.maven.runtime_3.9.600.20231203-1234\jars\wagon-provider-api-3.5.3.jar
2025-07-08 14:47:13,358 [Worker-11: Launching Executing install in C__Users_vamsi_Downloads_asset_project_backend] INFO  o.eclipse.m2e.core.internal.Bundles - getClasspathEntries(Bundle=com.google.guava_33.0.0.jre [10])
2025-07-08 14:47:13,359 [Worker-11: Launching Executing install in C__Users_vamsi_Downloads_asset_project_backend] INFO  o.eclipse.m2e.core.internal.Bundles - 	Entry: C:\Users\vamsi\.p2\pool\plugins\com.google.guava_33.0.0.jre.jar
2025-07-08 14:47:13,359 [Worker-11: Launching Executing install in C__Users_vamsi_Downloads_asset_project_backend] INFO  o.eclipse.m2e.core.internal.Bundles - getClasspathEntries(Bundle=slf4j.api_2.0.13 [518])
2025-07-08 14:47:13,359 [Worker-11: Launching Executing install in C__Users_vamsi_Downloads_asset_project_backend] INFO  o.eclipse.m2e.core.internal.Bundles - 	Entry: C:\Users\vamsi\.p2\pool\plugins\slf4j.api_2.0.13.jar
2025-07-08 14:47:13,359 [Worker-11: Launching Executing install in C__Users_vamsi_Downloads_asset_project_backend] INFO  o.eclipse.m2e.core.internal.Bundles - getClasspathEntries(Bundle=jakarta.inject.jakarta.inject-api_1.0.5 [22])
2025-07-08 14:47:13,359 [Worker-11: Launching Executing install in C__Users_vamsi_Downloads_asset_project_backend] INFO  o.eclipse.m2e.core.internal.Bundles - 	Entry: C:\Users\vamsi\.p2\pool\plugins\jakarta.inject.jakarta.inject-api_1.0.5.jar
2025-07-08 14:47:13,359 [Worker-11: Launching Executing install in C__Users_vamsi_Downloads_asset_project_backend] INFO  o.eclipse.m2e.core.internal.Bundles - getClasspathEntries(Bundle=jakarta.annotation-api_1.3.5 [20])
2025-07-08 14:47:13,360 [Worker-11: Launching Executing install in C__Users_vamsi_Downloads_asset_project_backend] INFO  o.eclipse.m2e.core.internal.Bundles - 	Entry: C:\Users\vamsi\.p2\pool\plugins\jakarta.annotation-api_1.3.5.jar
2025-07-08 14:47:13,360 [Worker-11: Launching Executing install in C__Users_vamsi_Downloads_asset_project_backend] INFO  o.eclipse.m2e.core.internal.Bundles - getClasspathEntries(Bundle=org.apache.commons.cli_1.6.0 [46])
2025-07-08 14:47:13,361 [Worker-11: Launching Executing install in C__Users_vamsi_Downloads_asset_project_backend] INFO  o.eclipse.m2e.core.internal.Bundles - 	Entry: C:\Users\vamsi\.p2\pool\plugins\org.apache.commons.cli_1.6.0.jar
2025-07-08 14:47:13,361 [Worker-11: Launching Executing install in C__Users_vamsi_Downloads_asset_project_backend] INFO  o.eclipse.m2e.core.internal.Bundles - getClasspathEntries(Bundle=org.apache.commons.commons-codec_1.16.0 [47])
2025-07-08 14:47:13,361 [Worker-11: Launching Executing install in C__Users_vamsi_Downloads_asset_project_backend] INFO  o.eclipse.m2e.core.internal.Bundles - 	Entry: C:\Users\vamsi\.p2\pool\plugins\org.apache.commons.commons-codec_1.16.0.jar
2025-07-08 14:47:13,362 [Worker-11: Launching Executing install in C__Users_vamsi_Downloads_asset_project_backend] INFO  o.eclipse.m2e.core.internal.Bundles - getClasspathEntries(Bundle=org.apache.commons.lang3_3.14.0 [53])
2025-07-08 14:47:13,362 [Worker-11: Launching Executing install in C__Users_vamsi_Downloads_asset_project_backend] INFO  o.eclipse.m2e.core.internal.Bundles - 	Entry: C:\Users\vamsi\.p2\pool\plugins\org.apache.commons.lang3_3.14.0.jar
2025-07-08 14:47:13,362 [Worker-11: Launching Executing install in C__Users_vamsi_Downloads_asset_project_backend] INFO  o.eclipse.m2e.core.internal.Bundles - getClasspathEntries(Bundle=com.google.guava.failureaccess_1.0.2 [11])
2025-07-08 14:47:13,363 [Worker-11: Launching Executing install in C__Users_vamsi_Downloads_asset_project_backend] INFO  o.eclipse.m2e.core.internal.Bundles - 	Entry: C:\Users\vamsi\.p2\pool\plugins\com.google.guava.failureaccess_1.0.2.jar
2025-07-08 14:47:13,365 [Worker-11: Launching Executing install in C__Users_vamsi_Downloads_asset_project_backend] INFO  o.e.m.i.launch.MavenLaunchDelegate - Run build in "C:\Users\vamsi\Downloads\asset\project\backend":
2025-07-08 14:47:13,366 [Worker-11: Launching Executing install in C__Users_vamsi_Downloads_asset_project_backend] INFO  o.e.m.i.launch.MavenLaunchDelegate -  mvn  -B -Dstyle.color=always install
2025-07-08 14:50:30,626 [Worker-11: Building] INFO  o.a.m.s.f.DefaultMavenResourcesFiltering - Copying 1 resource from src\main\resources to target\classes
2025-07-08 14:50:30,793 [Worker-11: Building] INFO  o.a.m.s.f.DefaultMavenResourcesFiltering - Copying 0 resource from src\main\resources to target\classes
2025-07-08 14:50:30,801 [Worker-11: Building] INFO  o.a.m.s.f.DefaultMavenResourcesFiltering - skip non existing resourceDirectory C:\Users\vamsi\Downloads\asset\project\backend\src\test\resources
2025-07-08 14:50:51,884 [Worker-13: Launching Executing install in C__Users_vamsi_Downloads_asset_project_backend] INFO  o.eclipse.m2e.core.internal.Bundles - getClasspathEntries(Bundle=org.eclipse.m2e.maven.runtime_3.9.600.20231203-1234 [297])
2025-07-08 14:50:51,886 [Worker-13: Launching Executing install in C__Users_vamsi_Downloads_asset_project_backend] INFO  o.eclipse.m2e.core.internal.Bundles - 	Entry: C:\Users\vamsi\.p2\pool\plugins\org.eclipse.m2e.maven.runtime_3.9.600.20231203-1234
2025-07-08 14:50:51,886 [Worker-13: Launching Executing install in C__Users_vamsi_Downloads_asset_project_backend] INFO  o.eclipse.m2e.core.internal.Bundles - 	Entry: C:\Users\vamsi\.p2\pool\plugins\org.eclipse.m2e.maven.runtime_3.9.600.20231203-1234\jars\aopalliance-1.0.jar
2025-07-08 14:50:51,886 [Worker-13: Launching Executing install in C__Users_vamsi_Downloads_asset_project_backend] INFO  o.eclipse.m2e.core.internal.Bundles - 	Entry: C:\Users\vamsi\.p2\pool\plugins\org.eclipse.m2e.maven.runtime_3.9.600.20231203-1234\jars\guice-5.1.0.jar
2025-07-08 14:50:51,886 [Worker-13: Launching Executing install in C__Users_vamsi_Downloads_asset_project_backend] INFO  o.eclipse.m2e.core.internal.Bundles - 	Entry: C:\Users\vamsi\.p2\pool\plugins\org.eclipse.m2e.maven.runtime_3.9.600.20231203-1234\jars\httpclient-4.5.14.jar
2025-07-08 14:50:51,887 [Worker-13: Launching Executing install in C__Users_vamsi_Downloads_asset_project_backend] INFO  o.eclipse.m2e.core.internal.Bundles - 	Entry: C:\Users\vamsi\.p2\pool\plugins\org.eclipse.m2e.maven.runtime_3.9.600.20231203-1234\jars\httpcore-4.4.16.jar
2025-07-08 14:50:51,887 [Worker-13: Launching Executing install in C__Users_vamsi_Downloads_asset_project_backend] INFO  o.eclipse.m2e.core.internal.Bundles - 	Entry: C:\Users\vamsi\.p2\pool\plugins\org.eclipse.m2e.maven.runtime_3.9.600.20231203-1234\jars\jansi-2.4.0.jar
2025-07-08 14:50:51,888 [Worker-13: Launching Executing install in C__Users_vamsi_Downloads_asset_project_backend] INFO  o.eclipse.m2e.core.internal.Bundles - 	Entry: C:\Users\vamsi\.p2\pool\plugins\org.eclipse.m2e.maven.runtime_3.9.600.20231203-1234\jars\jcl-over-slf4j-1.7.36.jar
2025-07-08 14:50:51,889 [Worker-13: Launching Executing install in C__Users_vamsi_Downloads_asset_project_backend] INFO  o.eclipse.m2e.core.internal.Bundles - 	Entry: C:\Users\vamsi\.p2\pool\plugins\org.eclipse.m2e.maven.runtime_3.9.600.20231203-1234\jars\maven-artifact-3.9.6.jar
2025-07-08 14:50:51,890 [Worker-13: Launching Executing install in C__Users_vamsi_Downloads_asset_project_backend] INFO  o.eclipse.m2e.core.internal.Bundles - 	Entry: C:\Users\vamsi\.p2\pool\plugins\org.eclipse.m2e.maven.runtime_3.9.600.20231203-1234\jars\maven-builder-support-3.9.6.jar
2025-07-08 14:50:51,891 [Worker-13: Launching Executing install in C__Users_vamsi_Downloads_asset_project_backend] INFO  o.eclipse.m2e.core.internal.Bundles - 	Entry: C:\Users\vamsi\.p2\pool\plugins\org.eclipse.m2e.maven.runtime_3.9.600.20231203-1234\jars\maven-compat-3.9.6.jar
2025-07-08 14:50:51,891 [Worker-13: Launching Executing install in C__Users_vamsi_Downloads_asset_project_backend] INFO  o.eclipse.m2e.core.internal.Bundles - 	Entry: C:\Users\vamsi\.p2\pool\plugins\org.eclipse.m2e.maven.runtime_3.9.600.20231203-1234\jars\maven-core-3.9.6.jar
2025-07-08 14:50:51,892 [Worker-13: Launching Executing install in C__Users_vamsi_Downloads_asset_project_backend] INFO  o.eclipse.m2e.core.internal.Bundles - 	Entry: C:\Users\vamsi\.p2\pool\plugins\org.eclipse.m2e.maven.runtime_3.9.600.20231203-1234\jars\maven-embedder-3.9.6.jar
2025-07-08 14:50:51,892 [Worker-13: Launching Executing install in C__Users_vamsi_Downloads_asset_project_backend] INFO  o.eclipse.m2e.core.internal.Bundles - 	Entry: C:\Users\vamsi\.p2\pool\plugins\org.eclipse.m2e.maven.runtime_3.9.600.20231203-1234\jars\maven-model-3.9.6.jar
2025-07-08 14:50:51,892 [Worker-13: Launching Executing install in C__Users_vamsi_Downloads_asset_project_backend] INFO  o.eclipse.m2e.core.internal.Bundles - 	Entry: C:\Users\vamsi\.p2\pool\plugins\org.eclipse.m2e.maven.runtime_3.9.600.20231203-1234\jars\maven-model-builder-3.9.6.jar
2025-07-08 14:50:51,892 [Worker-13: Launching Executing install in C__Users_vamsi_Downloads_asset_project_backend] INFO  o.eclipse.m2e.core.internal.Bundles - 	Entry: C:\Users\vamsi\.p2\pool\plugins\org.eclipse.m2e.maven.runtime_3.9.600.20231203-1234\jars\maven-plugin-api-3.9.6.jar
2025-07-08 14:50:51,892 [Worker-13: Launching Executing install in C__Users_vamsi_Downloads_asset_project_backend] INFO  o.eclipse.m2e.core.internal.Bundles - 	Entry: C:\Users\vamsi\.p2\pool\plugins\org.eclipse.m2e.maven.runtime_3.9.600.20231203-1234\jars\maven-repository-metadata-3.9.6.jar
2025-07-08 14:50:51,892 [Worker-13: Launching Executing install in C__Users_vamsi_Downloads_asset_project_backend] INFO  o.eclipse.m2e.core.internal.Bundles - 	Entry: C:\Users\vamsi\.p2\pool\plugins\org.eclipse.m2e.maven.runtime_3.9.600.20231203-1234\jars\maven-resolver-api-1.9.18.jar
2025-07-08 14:50:51,893 [Worker-13: Launching Executing install in C__Users_vamsi_Downloads_asset_project_backend] INFO  o.eclipse.m2e.core.internal.Bundles - 	Entry: C:\Users\vamsi\.p2\pool\plugins\org.eclipse.m2e.maven.runtime_3.9.600.20231203-1234\jars\maven-resolver-connector-basic-1.9.18.jar
2025-07-08 14:50:51,893 [Worker-13: Launching Executing install in C__Users_vamsi_Downloads_asset_project_backend] INFO  o.eclipse.m2e.core.internal.Bundles - 	Entry: C:\Users\vamsi\.p2\pool\plugins\org.eclipse.m2e.maven.runtime_3.9.600.20231203-1234\jars\maven-resolver-impl-1.9.18.jar
2025-07-08 14:50:51,893 [Worker-13: Launching Executing install in C__Users_vamsi_Downloads_asset_project_backend] INFO  o.eclipse.m2e.core.internal.Bundles - 	Entry: C:\Users\vamsi\.p2\pool\plugins\org.eclipse.m2e.maven.runtime_3.9.600.20231203-1234\jars\maven-resolver-named-locks-1.9.18.jar
2025-07-08 14:50:51,894 [Worker-13: Launching Executing install in C__Users_vamsi_Downloads_asset_project_backend] INFO  o.eclipse.m2e.core.internal.Bundles - 	Entry: C:\Users\vamsi\.p2\pool\plugins\org.eclipse.m2e.maven.runtime_3.9.600.20231203-1234\jars\maven-resolver-provider-3.9.6.jar
2025-07-08 14:50:51,894 [Worker-13: Launching Executing install in C__Users_vamsi_Downloads_asset_project_backend] INFO  o.eclipse.m2e.core.internal.Bundles - 	Entry: C:\Users\vamsi\.p2\pool\plugins\org.eclipse.m2e.maven.runtime_3.9.600.20231203-1234\jars\maven-resolver-spi-1.9.18.jar
2025-07-08 14:50:51,894 [Worker-13: Launching Executing install in C__Users_vamsi_Downloads_asset_project_backend] INFO  o.eclipse.m2e.core.internal.Bundles - 	Entry: C:\Users\vamsi\.p2\pool\plugins\org.eclipse.m2e.maven.runtime_3.9.600.20231203-1234\jars\maven-resolver-transport-file-1.9.18.jar
2025-07-08 14:50:51,894 [Worker-13: Launching Executing install in C__Users_vamsi_Downloads_asset_project_backend] INFO  o.eclipse.m2e.core.internal.Bundles - 	Entry: C:\Users\vamsi\.p2\pool\plugins\org.eclipse.m2e.maven.runtime_3.9.600.20231203-1234\jars\maven-resolver-transport-http-1.9.18.jar
2025-07-08 14:50:51,894 [Worker-13: Launching Executing install in C__Users_vamsi_Downloads_asset_project_backend] INFO  o.eclipse.m2e.core.internal.Bundles - 	Entry: C:\Users\vamsi\.p2\pool\plugins\org.eclipse.m2e.maven.runtime_3.9.600.20231203-1234\jars\maven-resolver-transport-wagon-1.9.18.jar
2025-07-08 14:50:51,894 [Worker-13: Launching Executing install in C__Users_vamsi_Downloads_asset_project_backend] INFO  o.eclipse.m2e.core.internal.Bundles - 	Entry: C:\Users\vamsi\.p2\pool\plugins\org.eclipse.m2e.maven.runtime_3.9.600.20231203-1234\jars\maven-resolver-util-1.9.18.jar
2025-07-08 14:50:51,895 [Worker-13: Launching Executing install in C__Users_vamsi_Downloads_asset_project_backend] INFO  o.eclipse.m2e.core.internal.Bundles - 	Entry: C:\Users\vamsi\.p2\pool\plugins\org.eclipse.m2e.maven.runtime_3.9.600.20231203-1234\jars\maven-settings-3.9.6.jar
2025-07-08 14:50:51,895 [Worker-13: Launching Executing install in C__Users_vamsi_Downloads_asset_project_backend] INFO  o.eclipse.m2e.core.internal.Bundles - 	Entry: C:\Users\vamsi\.p2\pool\plugins\org.eclipse.m2e.maven.runtime_3.9.600.20231203-1234\jars\maven-settings-builder-3.9.6.jar
2025-07-08 14:50:51,895 [Worker-13: Launching Executing install in C__Users_vamsi_Downloads_asset_project_backend] INFO  o.eclipse.m2e.core.internal.Bundles - 	Entry: C:\Users\vamsi\.p2\pool\plugins\org.eclipse.m2e.maven.runtime_3.9.600.20231203-1234\jars\maven-shared-utils-3.3.4.jar
2025-07-08 14:50:51,895 [Worker-13: Launching Executing install in C__Users_vamsi_Downloads_asset_project_backend] INFO  o.eclipse.m2e.core.internal.Bundles - 	Entry: C:\Users\vamsi\.p2\pool\plugins\org.eclipse.m2e.maven.runtime_3.9.600.20231203-1234\jars\org.eclipse.sisu.inject-0.9.0.M2.jar
2025-07-08 14:50:51,895 [Worker-13: Launching Executing install in C__Users_vamsi_Downloads_asset_project_backend] INFO  o.eclipse.m2e.core.internal.Bundles - 	Entry: C:\Users\vamsi\.p2\pool\plugins\org.eclipse.m2e.maven.runtime_3.9.600.20231203-1234\jars\org.eclipse.sisu.plexus-0.9.0.M2.jar
2025-07-08 14:50:51,895 [Worker-13: Launching Executing install in C__Users_vamsi_Downloads_asset_project_backend] INFO  o.eclipse.m2e.core.internal.Bundles - 	Entry: C:\Users\vamsi\.p2\pool\plugins\org.eclipse.m2e.maven.runtime_3.9.600.20231203-1234\jars\plexus-build-api-0.0.7.jar
2025-07-08 14:50:51,896 [Worker-13: Launching Executing install in C__Users_vamsi_Downloads_asset_project_backend] INFO  o.eclipse.m2e.core.internal.Bundles - 	Entry: C:\Users\vamsi\.p2\pool\plugins\org.eclipse.m2e.maven.runtime_3.9.600.20231203-1234\jars\plexus-cipher-2.0.jar
2025-07-08 14:50:51,896 [Worker-13: Launching Executing install in C__Users_vamsi_Downloads_asset_project_backend] INFO  o.eclipse.m2e.core.internal.Bundles - 	Entry: C:\Users\vamsi\.p2\pool\plugins\org.eclipse.m2e.maven.runtime_3.9.600.20231203-1234\jars\plexus-classworlds-2.7.0.jar
2025-07-08 14:50:51,896 [Worker-13: Launching Executing install in C__Users_vamsi_Downloads_asset_project_backend] INFO  o.eclipse.m2e.core.internal.Bundles - 	Entry: C:\Users\vamsi\.p2\pool\plugins\org.eclipse.m2e.maven.runtime_3.9.600.20231203-1234\jars\plexus-component-annotations-2.1.0.jar
2025-07-08 14:50:51,896 [Worker-13: Launching Executing install in C__Users_vamsi_Downloads_asset_project_backend] INFO  o.eclipse.m2e.core.internal.Bundles - 	Entry: C:\Users\vamsi\.p2\pool\plugins\org.eclipse.m2e.maven.runtime_3.9.600.20231203-1234\jars\plexus-interpolation-1.26.jar
2025-07-08 14:50:51,896 [Worker-13: Launching Executing install in C__Users_vamsi_Downloads_asset_project_backend] INFO  o.eclipse.m2e.core.internal.Bundles - 	Entry: C:\Users\vamsi\.p2\pool\plugins\org.eclipse.m2e.maven.runtime_3.9.600.20231203-1234\jars\plexus-sec-dispatcher-2.0.jar
2025-07-08 14:50:51,896 [Worker-13: Launching Executing install in C__Users_vamsi_Downloads_asset_project_backend] INFO  o.eclipse.m2e.core.internal.Bundles - 	Entry: C:\Users\vamsi\.p2\pool\plugins\org.eclipse.m2e.maven.runtime_3.9.600.20231203-1234\jars\plexus-utils-3.5.1.jar
2025-07-08 14:50:51,896 [Worker-13: Launching Executing install in C__Users_vamsi_Downloads_asset_project_backend] INFO  o.eclipse.m2e.core.internal.Bundles - 	Entry: C:\Users\vamsi\.p2\pool\plugins\org.eclipse.m2e.maven.runtime_3.9.600.20231203-1234\jars\wagon-file-3.5.3.jar
2025-07-08 14:50:51,897 [Worker-13: Launching Executing install in C__Users_vamsi_Downloads_asset_project_backend] INFO  o.eclipse.m2e.core.internal.Bundles - 	Entry: C:\Users\vamsi\.p2\pool\plugins\org.eclipse.m2e.maven.runtime_3.9.600.20231203-1234\jars\wagon-http-3.5.3.jar
2025-07-08 14:50:51,897 [Worker-13: Launching Executing install in C__Users_vamsi_Downloads_asset_project_backend] INFO  o.eclipse.m2e.core.internal.Bundles - 	Entry: C:\Users\vamsi\.p2\pool\plugins\org.eclipse.m2e.maven.runtime_3.9.600.20231203-1234\jars\wagon-http-shared-3.5.3.jar
2025-07-08 14:50:51,897 [Worker-13: Launching Executing install in C__Users_vamsi_Downloads_asset_project_backend] INFO  o.eclipse.m2e.core.internal.Bundles - 	Entry: C:\Users\vamsi\.p2\pool\plugins\org.eclipse.m2e.maven.runtime_3.9.600.20231203-1234\jars\wagon-provider-api-3.5.3.jar
2025-07-08 14:50:51,899 [Worker-13: Launching Executing install in C__Users_vamsi_Downloads_asset_project_backend] INFO  o.eclipse.m2e.core.internal.Bundles - getClasspathEntries(Bundle=com.google.guava_33.0.0.jre [10])
2025-07-08 14:50:51,901 [Worker-13: Launching Executing install in C__Users_vamsi_Downloads_asset_project_backend] INFO  o.eclipse.m2e.core.internal.Bundles - 	Entry: C:\Users\vamsi\.p2\pool\plugins\com.google.guava_33.0.0.jre.jar
2025-07-08 14:50:51,901 [Worker-13: Launching Executing install in C__Users_vamsi_Downloads_asset_project_backend] INFO  o.eclipse.m2e.core.internal.Bundles - getClasspathEntries(Bundle=slf4j.api_2.0.13 [518])
2025-07-08 14:50:51,902 [Worker-13: Launching Executing install in C__Users_vamsi_Downloads_asset_project_backend] INFO  o.eclipse.m2e.core.internal.Bundles - 	Entry: C:\Users\vamsi\.p2\pool\plugins\slf4j.api_2.0.13.jar
2025-07-08 14:50:51,902 [Worker-13: Launching Executing install in C__Users_vamsi_Downloads_asset_project_backend] INFO  o.eclipse.m2e.core.internal.Bundles - getClasspathEntries(Bundle=jakarta.inject.jakarta.inject-api_1.0.5 [22])
2025-07-08 14:50:51,903 [Worker-13: Launching Executing install in C__Users_vamsi_Downloads_asset_project_backend] INFO  o.eclipse.m2e.core.internal.Bundles - 	Entry: C:\Users\vamsi\.p2\pool\plugins\jakarta.inject.jakarta.inject-api_1.0.5.jar
2025-07-08 14:50:51,903 [Worker-13: Launching Executing install in C__Users_vamsi_Downloads_asset_project_backend] INFO  o.eclipse.m2e.core.internal.Bundles - getClasspathEntries(Bundle=jakarta.annotation-api_1.3.5 [20])
2025-07-08 14:50:51,904 [Worker-13: Launching Executing install in C__Users_vamsi_Downloads_asset_project_backend] INFO  o.eclipse.m2e.core.internal.Bundles - 	Entry: C:\Users\vamsi\.p2\pool\plugins\jakarta.annotation-api_1.3.5.jar
2025-07-08 14:50:51,904 [Worker-13: Launching Executing install in C__Users_vamsi_Downloads_asset_project_backend] INFO  o.eclipse.m2e.core.internal.Bundles - getClasspathEntries(Bundle=org.apache.commons.cli_1.6.0 [46])
2025-07-08 14:50:51,904 [Worker-13: Launching Executing install in C__Users_vamsi_Downloads_asset_project_backend] INFO  o.eclipse.m2e.core.internal.Bundles - 	Entry: C:\Users\vamsi\.p2\pool\plugins\org.apache.commons.cli_1.6.0.jar
2025-07-08 14:50:51,904 [Worker-13: Launching Executing install in C__Users_vamsi_Downloads_asset_project_backend] INFO  o.eclipse.m2e.core.internal.Bundles - getClasspathEntries(Bundle=org.apache.commons.commons-codec_1.16.0 [47])
2025-07-08 14:50:51,905 [Worker-13: Launching Executing install in C__Users_vamsi_Downloads_asset_project_backend] INFO  o.eclipse.m2e.core.internal.Bundles - 	Entry: C:\Users\vamsi\.p2\pool\plugins\org.apache.commons.commons-codec_1.16.0.jar
2025-07-08 14:50:51,905 [Worker-13: Launching Executing install in C__Users_vamsi_Downloads_asset_project_backend] INFO  o.eclipse.m2e.core.internal.Bundles - getClasspathEntries(Bundle=org.apache.commons.lang3_3.14.0 [53])
2025-07-08 14:50:51,906 [Worker-13: Launching Executing install in C__Users_vamsi_Downloads_asset_project_backend] INFO  o.eclipse.m2e.core.internal.Bundles - 	Entry: C:\Users\vamsi\.p2\pool\plugins\org.apache.commons.lang3_3.14.0.jar
2025-07-08 14:50:51,906 [Worker-13: Launching Executing install in C__Users_vamsi_Downloads_asset_project_backend] INFO  o.eclipse.m2e.core.internal.Bundles - getClasspathEntries(Bundle=com.google.guava.failureaccess_1.0.2 [11])
2025-07-08 14:50:51,906 [Worker-13: Launching Executing install in C__Users_vamsi_Downloads_asset_project_backend] INFO  o.eclipse.m2e.core.internal.Bundles - 	Entry: C:\Users\vamsi\.p2\pool\plugins\com.google.guava.failureaccess_1.0.2.jar
2025-07-08 14:50:51,910 [Worker-13: Launching Executing install in C__Users_vamsi_Downloads_asset_project_backend] INFO  o.e.m.i.launch.MavenLaunchDelegate - Run build in "C:\Users\vamsi\Downloads\asset\project\backend":
2025-07-08 14:50:51,911 [Worker-13: Launching Executing install in C__Users_vamsi_Downloads_asset_project_backend] INFO  o.e.m.i.launch.MavenLaunchDelegate -  mvn  -B -Dstyle.color=always install
